2024-01-17 09:00:55,596 - INFO - Process 1 started
2024-01-17 09:00:55,600 - INFO - Process 2 started
2024-01-17 09:03:33,512 - INFO - Process 1 started
2024-01-17 09:03:33,516 - INFO - Process 2 started
2024-01-17 09:07:17,525 - INFO - Process 1 started
2024-01-17 09:07:17,528 - INFO - Process 2 started
2024-01-17 09:09:39,004 - INFO - Process 1 started
2024-01-17 09:09:39,008 - INFO - Process 2 started
2024-01-17 09:11:08,847 - INFO - Process 1 started
2024-01-17 09:11:08,851 - INFO - Process 2 started
2024-01-17 09:11:33,031 - INFO - Process 1 started
2024-01-17 09:11:33,035 - INFO - Process 2 started
2024-01-17 09:11:46,005 - INFO - Process 1 started
2024-01-17 09:11:46,014 - INFO - Process 2 started
2024-01-17 09:11:52,869 - INFO - Process 1 started
2024-01-17 09:11:52,872 - INFO - Process 2 started
2024-01-17 09:12:26,322 - INFO - Process 1 started
2024-01-17 09:12:26,326 - INFO - Process 2 started
2024-01-17 09:13:17,089 - INFO - Process 1 started
2024-01-17 09:13:17,093 - INFO - Process 2 started
2024-01-17 09:13:21,900 - INFO - Process 1 started
2024-01-17 09:13:21,903 - INFO - Process 2 started
2024-01-17 09:13:27,754 - INFO - Process 1 started
2024-01-17 09:13:27,757 - INFO - Process 2 started
2024-01-17 09:13:31,511 - INFO - Process 1 started
2024-01-17 09:13:31,513 - INFO - Process 2 started
2024-01-17 09:13:59,741 - INFO - Process 1 started
2024-01-17 09:13:59,744 - INFO - Process 2 started
2024-01-17 09:14:16,894 - INFO - Process 1 started
2024-01-17 09:14:16,898 - INFO - Process 2 started
2024-01-17 09:15:16,853 - INFO - Process 1 started
2024-01-17 09:15:16,857 - INFO - Process 2 started
2024-01-17 09:15:21,650 - INFO - Process 1 started
2024-01-17 09:15:21,654 - INFO - Process 2 started
2024-01-17 09:15:38,729 - INFO - Process 1 started
2024-01-17 09:15:38,733 - INFO - Process 2 started
2024-01-17 09:16:12,142 - INFO - Process 1 started
2024-01-17 09:16:12,146 - INFO - Process 2 started
2024-01-17 09:16:15,959 - INFO - Process 1 started
2024-01-17 09:16:15,963 - INFO - Process 2 started
2024-01-17 09:16:43,594 - INFO - Process 1 started
2024-01-17 09:16:43,598 - INFO - Process 2 started
2024-01-17 09:17:40,731 - INFO - Process 1 started
2024-01-17 09:17:40,735 - INFO - Process 2 started
2024-01-17 09:18:15,349 - INFO - Process 1 started
2024-01-17 09:18:15,354 - INFO - Process 2 started
2024-01-17 09:18:32,415 - INFO - Process 1 started
2024-01-17 09:18:32,418 - INFO - Process 2 started
2024-01-17 09:18:53,551 - INFO - Process 1 started
2024-01-17 09:18:53,554 - INFO - Process 2 started
2024-01-17 09:19:22,832 - INFO - Process 1 started
2024-01-17 09:19:22,835 - INFO - Process 2 started
2024-01-17 09:19:24,548 - INFO - Process 1 started
2024-01-17 09:19:24,552 - INFO - Process 2 started
2024-01-17 09:20:26,857 - INFO - Process 1 started
2024-01-17 09:20:26,861 - INFO - Process 2 started
2024-01-17 09:20:33,791 - INFO - Process 1 started
2024-01-17 09:20:33,795 - INFO - Process 2 started
2024-01-17 09:20:50,995 - INFO - Process 1 started
2024-01-17 09:20:50,999 - INFO - Process 2 started
2024-01-17 09:21:01,009 - INFO - Process 1 started
2024-01-17 09:21:01,014 - INFO - Process 2 started
2024-01-17 09:21:05,898 - INFO - Process 1 started
2024-01-17 09:21:05,902 - INFO - Process 2 started
2024-01-17 09:21:16,882 - INFO - Process 1 started
2024-01-17 09:21:16,886 - INFO - Process 2 started
2024-01-17 09:21:21,810 - INFO - Process 1 started
2024-01-17 09:21:21,814 - INFO - Process 2 started
2024-01-17 09:21:27,733 - INFO - Process 1 started
2024-01-17 09:21:27,737 - INFO - Process 2 started
2024-01-17 09:21:34,583 - INFO - Process 1 started
2024-01-17 09:21:34,586 - INFO - Process 2 started
2024-01-17 09:21:37,384 - INFO - Process 1 started
2024-01-17 09:21:37,388 - INFO - Process 2 started
2024-01-17 09:21:41,163 - INFO - Process 1 started
2024-01-17 09:21:41,166 - INFO - Process 2 started
2024-01-17 09:21:48,017 - INFO - Process 1 started
2024-01-17 09:21:48,020 - INFO - Process 2 started
2024-01-17 09:21:53,904 - INFO - Process 1 started
2024-01-17 09:21:53,908 - INFO - Process 2 started
2024-01-17 09:21:55,653 - INFO - Process 1 started
2024-01-17 09:21:55,657 - INFO - Process 2 started
2024-01-17 09:22:16,800 - INFO - Process 1 started
2024-01-17 09:22:16,804 - INFO - Process 2 started
2024-01-17 09:23:33,978 - INFO - Process 1 started
2024-01-17 09:23:33,982 - INFO - Process 2 started
2024-01-17 09:23:45,990 - INFO - Process 1 started
2024-01-17 09:23:45,993 - INFO - Process 2 started
2024-01-17 09:23:50,922 - INFO - Process 1 started
2024-01-17 09:23:50,926 - INFO - Process 2 started
2024-01-17 09:25:44,041 - INFO - Process 1 started
2024-01-17 09:25:44,045 - INFO - Process 2 started
2024-01-17 09:26:57,865 - INFO - Process 1 started
2024-01-17 09:26:57,871 - INFO - Process 2 started
2024-01-17 09:27:20,289 - INFO - Process 1 started
2024-01-17 09:27:20,293 - INFO - Process 2 started
2024-01-17 09:27:25,166 - INFO - Process 1 started
2024-01-17 09:27:25,169 - INFO - Process 2 started
2024-01-17 09:27:42,361 - INFO - Process 1 started
2024-01-17 09:27:42,365 - INFO - Process 2 started
2024-01-17 09:28:02,221 - INFO - Process 1 started
2024-01-17 09:28:02,225 - INFO - Process 2 started
2024-01-17 09:28:37,002 - INFO - Process 1 started
2024-01-17 09:28:37,006 - INFO - Process 2 started
2024-01-17 09:33:13,554 - INFO - Process 1 started
2024-01-17 09:33:13,558 - INFO - Process 2 started
2024-01-17 09:33:21,440 - INFO - Process 1 started
2024-01-17 09:33:21,443 - INFO - Process 2 started
2024-01-17 09:33:25,263 - INFO - Process 1 started
2024-01-17 09:33:25,267 - INFO - Process 2 started
2024-01-17 11:02:05,897 - INFO - Connected with result code 0 to topic application/1/device/+/event/status
2024-01-17 11:02:05,907 - INFO - Connected with result code 0 to topic AM107/by-room/#
2024-01-17 11:02:15,474 - INFO - Received message on AM107/by-room/#: 
2024-01-17 11:03:45,281 - INFO - Received message on AM107/by-room/#: 
2024-01-17 11:03:46,615 - INFO - Received message on AM107/by-room/#: 
2024-01-17 11:04:38,473 - INFO - Received message on AM107/by-room/#: 
2024-01-17 11:04:45,498 - INFO - Received message on AM107/by-room/#: 
2024-01-17 11:04:46,318 - INFO - Received message on AM107/by-room/#: 
2024-01-17 11:04:46,485 - INFO - Received message on AM107/by-room/#: 
2024-01-17 11:04:52,975 - INFO - Received message on application/1/device/+/event/status: 
2024-01-17 11:04:52,983 - INFO - Received message on AM107/by-room/#: 
2024-01-17 11:05:13,957 - INFO - Received message on application/1/device/+/event/status: 
2024-01-17 11:05:13,958 - INFO - Received message on AM107/by-room/#: 
2024-01-17 11:05:17,135 - INFO - Received message on application/1/device/+/event/status: 
2024-01-17 11:05:17,217 - INFO - Received message on AM107/by-room/#: 
2024-01-17 11:05:35,145 - INFO - Received message on AM107/by-room/#: 
2024-01-17 11:05:48,044 - INFO - Received message on AM107/by-room/#: 
2024-01-17 11:06:33,526 - INFO - Received message on AM107/by-room/#: 
2024-01-17 11:06:46,690 - INFO - Received message on AM107/by-room/#: 
2024-01-17 11:07:13,458 - INFO - Received message on AM107/by-room/#: 
2024-01-17 11:07:19,918 - INFO - Received message on AM107/by-room/#: 
2024-01-17 11:07:21,038 - INFO - Received message on application/1/device/+/event/status: 
2024-01-17 11:07:21,072 - INFO - Received message on AM107/by-room/#: 
2024-01-17 11:07:21,091 - INFO - Received message on application/1/device/+/event/status: 
2024-01-17 11:07:21,239 - INFO - Received message on AM107/by-room/#: 
2024-01-17 11:07:31,075 - INFO - Received message on AM107/by-room/#: 
2024-01-17 11:07:31,242 - INFO - Received message on application/1/device/+/event/status: 
2024-01-17 11:07:43,107 - INFO - Received message on AM107/by-room/#: 
2024-01-17 11:07:47,564 - INFO - Received message on AM107/by-room/#: 
2024-01-17 11:07:51,046 - INFO - Received message on AM107/by-room/#: 
2024-01-17 11:07:51,046 - INFO - Received message on application/1/device/+/event/status: 
2024-01-17 11:07:54,932 - INFO - Received message on AM107/by-room/#: 
2024-01-17 11:08:21,117 - INFO - Received message on application/1/device/+/event/status: 
2024-01-17 11:08:21,173 - INFO - Received message on AM107/by-room/#: 
2024-01-17 11:08:45,005 - INFO - Received message on AM107/by-room/#: 
2024-01-17 11:08:45,012 - INFO - Received message on application/1/device/+/event/status: 
2024-01-17 11:08:46,580 - INFO - Received message on AM107/by-room/#: 
2024-01-17 11:08:47,025 - INFO - Received message on AM107/by-room/#: 
2024-01-17 11:08:47,347 - INFO - Received message on AM107/by-room/#: 
2024-01-17 11:09:15,320 - INFO - Received message on AM107/by-room/#: 
2024-01-17 11:09:15,321 - INFO - Received message on application/1/device/+/event/status: 
2024-01-17 11:09:43,698 - INFO - Received message on AM107/by-room/#: 
2024-01-17 11:09:43,869 - INFO - Received message on AM107/by-room/#: 
2024-01-17 11:09:44,039 - INFO - Received message on AM107/by-room/#: 
2024-01-17 11:09:44,212 - INFO - Received message on AM107/by-room/#: 
2024-01-17 11:09:48,699 - INFO - Received message on AM107/by-room/#: 
2024-01-17 11:09:50,337 - INFO - Received message on AM107/by-room/#: 
2024-01-17 11:09:57,100 - INFO - Received message on application/1/device/+/event/status: 
2024-01-17 11:09:57,119 - INFO - Received message on AM107/by-room/#: 
2024-01-17 11:10:13,174 - INFO - Received message on AM107/by-room/#: 
2024-01-17 11:10:48,740 - INFO - Received message on application/1/device/+/event/status: 
2024-01-17 11:10:48,788 - INFO - Received message on AM107/by-room/#: 
2024-01-17 11:12:16,008 - INFO - Received message on AM107/by-room/#: 
2024-01-17 11:13:44,899 - INFO - Received message on application/1/device/+/event/status: 
2024-01-17 11:13:44,948 - INFO - Received message on AM107/by-room/#: 
2024-01-17 11:13:47,299 - INFO - Received message on AM107/by-room/#: 
2024-01-17 11:14:38,150 - INFO - Received message on AM107/by-room/#: 
2024-01-17 11:14:45,976 - INFO - Received message on application/1/device/+/event/status: 
2024-01-17 11:14:45,983 - INFO - Received message on AM107/by-room/#: 
2024-01-17 11:14:46,275 - INFO - Received message on AM107/by-room/#: 
2024-01-17 11:14:47,096 - INFO - Received message on AM107/by-room/#: 
2024-01-17 11:14:48,434 - INFO - Received message on AM107/by-room/#: 
2024-01-17 11:15:13,637 - INFO - Received message on AM107/by-room/#: 
2024-01-17 11:15:16,876 - INFO - Received message on AM107/by-room/#: 
2024-01-17 11:15:35,945 - INFO - Received message on AM107/by-room/#: 
2024-01-17 11:15:47,819 - INFO - Received message on AM107/by-room/#: 
2024-01-17 11:16:33,205 - INFO - Received message on application/1/device/+/event/status: 
2024-01-17 11:16:33,252 - INFO - Received message on AM107/by-room/#: 
2024-01-17 11:16:46,500 - INFO - Received message on AM107/by-room/#: 
2024-01-17 11:17:13,427 - INFO - Received message on AM107/by-room/#: 
2024-01-17 11:17:19,577 - INFO - Received message on AM107/by-room/#: 
2024-01-17 11:17:20,804 - INFO - Received message on AM107/by-room/#: 
2024-01-17 11:17:20,972 - INFO - Received message on AM107/by-room/#: 
2024-01-17 11:17:30,694 - INFO - Received message on AM107/by-room/#: 
2024-01-17 11:17:42,825 - INFO - Received message on AM107/by-room/#: 
2024-01-17 11:17:47,220 - INFO - Received message on application/1/device/+/event/status: 
2024-01-17 11:17:47,250 - INFO - Received message on AM107/by-room/#: 
2024-01-17 11:17:49,433 - INFO - Received message on AM107/by-room/#: 
2024-01-17 11:17:53,303 - INFO - Received message on AM107/by-room/#: 
2024-01-17 11:18:20,855 - INFO - Received message on AM107/by-room/#: 
2024-01-17 11:18:44,653 - INFO - Received message on AM107/by-room/#: 
2024-01-17 11:18:47,128 - INFO - Received message on AM107/by-room/#: 
2024-01-17 11:18:47,128 - INFO - Received message on application/1/device/+/event/status: 
2024-01-17 11:18:47,309 - INFO - Received message on AM107/by-room/#: 
2024-01-17 11:18:47,747 - INFO - Received message on AM107/by-room/#: 
2024-01-17 11:19:15,092 - INFO - Received message on AM107/by-room/#: 
2024-01-17 11:19:43,595 - INFO - Received message on application/1/device/+/event/status: 
2024-01-17 11:19:43,650 - INFO - Received message on AM107/by-room/#: 
2024-01-17 11:19:43,681 - INFO - Received message on application/1/device/+/event/status: 
2024-01-17 11:19:43,820 - INFO - Received message on AM107/by-room/#: 
2024-01-17 11:19:43,987 - INFO - Received message on AM107/by-room/#: 
2024-01-17 11:19:44,485 - INFO - Received message on AM107/by-room/#: 
2024-01-17 11:19:46,842 - INFO - Received message on AM107/by-room/#: 
2024-01-17 11:19:48,487 - INFO - Received message on AM107/by-room/#: 
2024-01-17 11:19:50,031 - INFO - Received message on application/1/device/+/event/status: 
2024-01-17 11:19:50,077 - INFO - Received message on AM107/by-room/#: 
2024-01-17 11:19:56,881 - INFO - Received message on AM107/by-room/#: 
2024-01-17 11:20:13,876 - INFO - Received message on AM107/by-room/#: 
2024-01-17 11:20:48,489 - INFO - Received message on AM107/by-room/#: 
2024-01-17 11:22:15,724 - INFO - Received message on application/1/device/+/event/status: 
2024-01-17 11:22:15,777 - INFO - Received message on AM107/by-room/#: 
2024-01-17 11:23:44,676 - INFO - Received message on AM107/by-room/#: 
2024-01-17 11:23:47,077 - INFO - Received message on AM107/by-room/#: 
2024-01-17 11:23:47,078 - INFO - Received message on application/1/device/+/event/status: 
2024-01-17 11:24:37,895 - INFO - Received message on application/1/device/+/event/status: 
2024-01-17 11:24:37,923 - INFO - Received message on AM107/by-room/#: 
2024-01-17 11:24:45,700 - INFO - Received message on AM107/by-room/#: 
2024-01-17 11:24:45,932 - INFO - Received message on application/1/device/+/event/status: 
2024-01-17 11:24:45,987 - INFO - Received message on AM107/by-room/#: 
2024-01-17 11:24:47,798 - INFO - Received message on AM107/by-room/#: 
2024-01-17 11:24:48,134 - INFO - Received message on application/1/device/+/event/status: 
2024-01-17 11:24:48,185 - INFO - Received message on AM107/by-room/#: 
2024-01-17 11:25:13,380 - INFO - Received message on AM107/by-room/#: 
2024-01-17 11:25:16,620 - INFO - Received message on AM107/by-room/#: 
2024-01-17 11:25:35,622 - INFO - Received message on application/1/device/+/event/status: 
2024-01-17 11:25:35,660 - INFO - Received message on AM107/by-room/#: 
2024-01-17 11:25:48,514 - INFO - Received message on AM107/by-room/#: 
2024-01-17 11:26:32,968 - INFO - Received message on AM107/by-room/#: 
2024-01-17 11:26:47,144 - INFO - Received message on AM107/by-room/#: 
2024-01-17 11:27:13,244 - INFO - Received message on application/1/device/+/event/status: 
2024-01-17 11:27:13,285 - INFO - Received message on AM107/by-room/#: 
2024-01-17 11:27:20,291 - INFO - Received message on AM107/by-room/#: 
2024-01-17 11:27:20,492 - INFO - Received message on AM107/by-room/#: 
2024-01-17 11:27:22,922 - INFO - Received message on AM107/by-room/#: 
2024-01-17 11:27:31,423 - INFO - Received message on AM107/by-room/#: 
2024-01-17 11:27:43,653 - INFO - Received message on AM107/by-room/#: 
2024-01-17 11:27:46,947 - INFO - Received message on AM107/by-room/#: 
2024-01-17 11:27:50,545 - INFO - Received message on AM107/by-room/#: 
2024-01-17 11:27:54,217 - INFO - Received message on AM107/by-room/#: 
2024-01-17 11:28:20,604 - INFO - Received message on AM107/by-room/#: 
2024-01-17 11:28:44,739 - INFO - Received message on AM107/by-room/#: 
2024-01-17 11:28:45,792 - INFO - Received message on AM107/by-room/#: 
2024-01-17 11:28:47,172 - INFO - Received message on AM107/by-room/#: 
2024-01-17 11:28:47,172 - INFO - Received message on application/1/device/+/event/status: 
2024-01-17 11:28:47,701 - INFO - Received message on AM107/by-room/#: 
2024-01-17 11:28:47,701 - INFO - Received message on application/1/device/+/event/status: 
2024-01-17 11:29:15,753 - INFO - Received message on AM107/by-room/#: 
2024-01-17 11:29:43,416 - INFO - Received message on AM107/by-room/#: 
2024-01-17 11:29:43,556 - INFO - Received message on AM107/by-room/#: 
2024-01-17 11:29:44,328 - INFO - Received message on AM107/by-room/#: 
2024-01-17 11:29:46,505 - INFO - Received message on AM107/by-room/#: 
2024-01-17 11:29:49,137 - INFO - Received message on application/1/device/+/event/status: 
2024-01-17 11:29:49,186 - INFO - Received message on AM107/by-room/#: 
2024-01-17 11:29:49,772 - INFO - Received message on AM107/by-room/#: 
2024-01-17 11:29:57,593 - INFO - Received message on AM107/by-room/#: 
2024-01-17 11:30:13,565 - INFO - Received message on application/1/device/+/event/status: 
2024-01-17 11:30:13,679 - INFO - Received message on AM107/by-room/#: 
2024-01-17 11:30:49,327 - INFO - Received message on AM107/by-room/#: 
2024-01-17 11:32:15,449 - INFO - Received message on AM107/by-room/#: 
2024-01-17 11:33:45,355 - INFO - Received message on AM107/by-room/#: 
2024-01-17 11:33:46,756 - INFO - Received message on AM107/by-room/#: 
2024-01-17 11:34:37,600 - INFO - Received message on AM107/by-room/#: 
2024-01-17 11:34:45,687 - INFO - Received message on AM107/by-room/#: 
2024-01-17 11:34:46,430 - INFO - Received message on AM107/by-room/#: 
2024-01-17 11:34:47,870 - INFO - Received message on AM107/by-room/#: 
2024-01-17 11:34:53,229 - INFO - Received message on AM107/by-room/#: 
2024-01-17 11:34:53,230 - INFO - Received message on application/1/device/+/event/status: 
2024-01-17 11:35:14,092 - INFO - Received message on AM107/by-room/#: 
2024-01-17 11:35:17,533 - INFO - Received message on AM107/by-room/#: 
2024-01-17 11:35:35,340 - INFO - Received message on AM107/by-room/#: 
2024-01-17 11:35:48,277 - INFO - Received message on AM107/by-room/#: 
2024-01-17 11:35:48,280 - INFO - Received message on application/1/device/+/event/status: 
2024-01-17 11:36:33,756 - INFO - Received message on AM107/by-room/#: 
2024-01-17 11:36:46,873 - INFO - Received message on application/1/device/+/event/status: 
2024-01-17 11:36:46,993 - INFO - Received message on AM107/by-room/#: 
2024-01-17 11:37:13,212 - INFO - Received message on AM107/by-room/#: 
2024-01-17 11:37:20,028 - INFO - Received message on application/1/device/+/event/status: 
2024-01-17 11:37:20,047 - INFO - Received message on AM107/by-room/#: 
2024-01-17 11:37:21,222 - INFO - Received message on AM107/by-room/#: 
2024-01-17 11:37:21,272 - INFO - Received message on application/1/device/+/event/status: 
2024-01-17 11:37:21,363 - INFO - Received message on AM107/by-room/#: 
2024-01-17 11:37:31,331 - INFO - Received message on application/1/device/+/event/status: 
2024-01-17 11:37:31,331 - INFO - Received message on AM107/by-room/#: 
2024-01-17 11:37:43,647 - INFO - Received message on AM107/by-room/#: 
2024-01-17 11:37:47,820 - INFO - Received message on AM107/by-room/#: 
2024-01-17 11:37:48,928 - INFO - Received message on AM107/by-room/#: 
2024-01-17 11:37:53,843 - INFO - Received message on AM107/by-room/#: 
2024-01-17 11:38:21,376 - INFO - Received message on AM107/by-room/#: 
2024-01-17 11:38:45,133 - INFO - Received message on AM107/by-room/#: 
2024-01-17 11:38:46,790 - INFO - Received message on AM107/by-room/#: 
2024-01-17 11:38:47,241 - INFO - Received message on AM107/by-room/#: 
2024-01-17 11:38:47,538 - INFO - Received message on AM107/by-room/#: 
2024-01-17 11:39:15,488 - INFO - Received message on application/1/device/+/event/status: 
2024-01-17 11:39:15,541 - INFO - Received message on AM107/by-room/#: 
2024-01-17 11:39:43,539 - INFO - Received message on AM107/by-room/#: 
2024-01-17 11:39:43,877 - INFO - Received message on AM107/by-room/#: 
2024-01-17 11:39:44,159 - INFO - Received message on AM107/by-room/#: 
2024-01-17 11:39:44,342 - INFO - Received message on AM107/by-room/#: 
2024-01-17 11:39:49,868 - INFO - Received message on AM107/by-room/#: 
2024-01-17 11:39:50,047 - INFO - Received message on AM107/by-room/#: 
2024-01-17 11:39:57,308 - INFO - Received message on application/1/device/+/event/status: 
2024-01-17 11:39:57,319 - INFO - Received message on AM107/by-room/#: 
2024-01-17 11:40:13,418 - INFO - Received message on AM107/by-room/#: 
2024-01-17 11:40:48,897 - INFO - Received message on application/1/device/+/event/status: 
2024-01-17 11:40:49,068 - INFO - Received message on AM107/by-room/#: 
2024-01-17 11:42:15,283 - INFO - Received message on AM107/by-room/#: 
2024-01-17 11:43:45,424 - INFO - Received message on AM107/by-room/#: 
2024-01-17 11:43:45,429 - INFO - Received message on application/1/device/+/event/status: 
2024-01-17 11:43:46,929 - INFO - Received message on AM107/by-room/#: 
2024-01-17 11:44:45,472 - INFO - Received message on AM107/by-room/#: 
2024-01-17 11:44:46,632 - INFO - Received message on AM107/by-room/#: 
2024-01-17 11:44:46,636 - INFO - Received message on application/1/device/+/event/status: 
2024-01-17 11:44:47,190 - INFO - Received message on AM107/by-room/#: 
2024-01-17 11:44:47,682 - INFO - Received message on AM107/by-room/#: 
2024-01-17 11:44:48,640 - INFO - Received message on AM107/by-room/#: 
2024-01-17 11:45:13,834 - INFO - Received message on application/1/device/+/event/status: 
2024-01-17 11:45:13,876 - INFO - Received message on AM107/by-room/#: 
2024-01-17 11:45:17,061 - INFO - Received message on application/1/device/+/event/status: 
2024-01-17 11:45:17,099 - INFO - Received message on AM107/by-room/#: 
2024-01-17 11:45:36,080 - INFO - Received message on AM107/by-room/#: 
2024-01-17 11:45:47,987 - INFO - Received message on AM107/by-room/#: 
2024-01-17 11:46:33,541 - INFO - Received message on AM107/by-room/#: 
2024-01-17 11:46:33,541 - INFO - Received message on application/1/device/+/event/status: 
2024-01-17 11:46:46,608 - INFO - Received message on AM107/by-room/#: 
2024-01-17 11:47:13,962 - INFO - Received message on AM107/by-room/#: 
2024-01-17 11:47:19,800 - INFO - Received message on AM107/by-room/#: 
2024-01-17 11:47:21,176 - INFO - Received message on AM107/by-room/#: 
2024-01-17 11:47:21,176 - INFO - Received message on application/1/device/+/event/status: 
2024-01-17 11:47:21,338 - INFO - Received message on AM107/by-room/#: 
2024-01-17 11:47:31,294 - INFO - Received message on AM107/by-room/#: 
2024-01-17 11:47:43,479 - INFO - Received message on AM107/by-room/#: 
2024-01-17 11:47:47,473 - INFO - Received message on AM107/by-room/#: 
2024-01-17 11:47:47,477 - INFO - Received message on application/1/device/+/event/status: 
2024-01-17 11:47:50,008 - INFO - Received message on AM107/by-room/#: 
2024-01-17 11:48:21,079 - INFO - Received message on AM107/by-room/#: 
2024-01-17 11:48:21,086 - INFO - Received message on application/1/device/+/event/status: 
2024-01-17 11:48:44,840 - INFO - Received message on application/1/device/+/event/status: 
2024-01-17 11:48:45,058 - INFO - Received message on AM107/by-room/#: 
2024-01-17 11:48:47,584 - INFO - Received message on AM107/by-room/#: 
2024-01-17 11:48:47,584 - INFO - Received message on application/1/device/+/event/status: 
2024-01-17 11:48:47,778 - INFO - Received message on AM107/by-room/#: 
2024-01-17 11:48:47,916 - INFO - Received message on AM107/by-room/#: 
2024-01-17 11:49:15,217 - INFO - Received message on AM107/by-room/#: 
2024-01-17 11:49:43,595 - INFO - Received message on AM107/by-room/#: 
2024-01-17 11:49:43,872 - INFO - Received message on application/1/device/+/event/status: 
2024-01-17 11:49:43,928 - INFO - Received message on AM107/by-room/#: 
2024-01-17 11:49:43,995 - INFO - Received message on application/1/device/+/event/status: 
2024-01-17 11:49:44,085 - INFO - Received message on AM107/by-room/#: 
2024-01-17 11:49:44,299 - INFO - Received message on AM107/by-room/#: 
2024-01-17 11:49:45,976 - INFO - Received message on AM107/by-room/#: 
2024-01-17 11:49:48,589 - INFO - Received message on AM107/by-room/#: 
2024-01-17 11:49:50,220 - INFO - Received message on AM107/by-room/#: 
2024-01-17 11:49:57,041 - INFO - Received message on AM107/by-room/#: 
2024-01-17 11:50:14,184 - INFO - Received message on AM107/by-room/#: 
2024-01-17 11:50:48,785 - INFO - Received message on AM107/by-room/#: 
2024-01-17 11:52:15,919 - INFO - Received message on AM107/by-room/#: 
2024-01-17 11:53:44,818 - INFO - Received message on AM107/by-room/#: 
2024-01-17 11:53:47,319 - INFO - Received message on AM107/by-room/#: 
2024-01-17 11:54:38,031 - INFO - Received message on application/1/device/+/event/status: 
2024-01-17 11:54:38,074 - INFO - Received message on AM107/by-room/#: 
2024-01-17 11:54:46,353 - INFO - Received message on AM107/by-room/#: 
2024-01-17 11:54:46,477 - INFO - Received message on AM107/by-room/#: 
2024-01-17 11:54:47,932 - INFO - Received message on AM107/by-room/#: 
2024-01-17 11:54:48,343 - INFO - Received message on application/1/device/+/event/status: 
2024-01-17 11:54:48,359 - INFO - Received message on AM107/by-room/#: 
2024-01-17 11:55:13,559 - INFO - Received message on AM107/by-room/#: 
2024-01-17 11:55:16,813 - INFO - Received message on AM107/by-room/#: 
2024-01-17 11:55:35,802 - INFO - Received message on application/1/device/+/event/status: 
2024-01-17 11:55:35,850 - INFO - Received message on AM107/by-room/#: 
2024-01-17 11:55:48,763 - INFO - Received message on AM107/by-room/#: 
2024-01-17 11:56:33,160 - INFO - Received message on AM107/by-room/#: 
2024-01-17 11:56:47,764 - INFO - Received message on AM107/by-room/#: 
2024-01-17 11:57:13,874 - INFO - Received message on application/1/device/+/event/status: 
2024-01-17 11:57:13,915 - INFO - Received message on AM107/by-room/#: 
2024-01-17 11:57:20,878 - INFO - Received message on AM107/by-room/#: 
2024-01-17 11:57:21,033 - INFO - Received message on AM107/by-room/#: 
2024-01-17 11:57:21,214 - INFO - Received message on AM107/by-room/#: 
2024-01-17 11:57:30,661 - INFO - Received message on AM107/by-room/#: 
2024-01-17 11:57:43,755 - INFO - Received message on AM107/by-room/#: 
2024-01-17 11:57:47,142 - INFO - Received message on AM107/by-room/#: 
2024-01-17 11:57:50,629 - INFO - Received message on AM107/by-room/#: 
2024-01-17 11:57:53,294 - INFO - Received message on AM107/by-room/#: 
2024-01-17 11:58:20,836 - INFO - Received message on AM107/by-room/#: 
2024-01-17 11:58:44,605 - INFO - Received message on AM107/by-room/#: 
2024-01-17 11:58:47,052 - INFO - Received message on AM107/by-room/#: 
2024-01-17 11:58:47,700 - INFO - Received message on AM107/by-room/#: 
2024-01-17 11:58:48,503 - INFO - Received message on application/1/device/+/event/status: 
2024-01-17 11:58:48,559 - INFO - Received message on AM107/by-room/#: 
2024-01-17 11:59:14,942 - INFO - Received message on AM107/by-room/#: 
2024-01-17 11:59:43,768 - INFO - Received message on AM107/by-room/#: 
2024-01-17 11:59:44,300 - INFO - Received message on AM107/by-room/#: 
2024-01-17 11:59:44,312 - INFO - Received message on application/1/device/+/event/status: 
2024-01-17 11:59:44,367 - INFO - Received message on application/1/device/+/event/status: 
2024-01-17 11:59:44,499 - INFO - Received message on AM107/by-room/#: 
2024-01-17 11:59:44,943 - INFO - Received message on AM107/by-room/#: 
2024-01-17 11:59:46,753 - INFO - Received message on AM107/by-room/#: 
2024-01-17 11:59:46,754 - INFO - Received message on application/1/device/+/event/status: 
2024-01-17 11:59:49,470 - INFO - Received message on application/1/device/+/event/status: 
2024-01-17 11:59:49,470 - INFO - Received message on AM107/by-room/#: 
2024-01-17 11:59:49,994 - INFO - Received message on application/1/device/+/event/status: 
2024-01-17 11:59:49,999 - INFO - Received message on AM107/by-room/#: 
2024-01-17 11:59:55,430 - INFO - Received message on AM107/by-room/#: 
2024-01-17 12:00:13,763 - INFO - Received message on application/1/device/+/event/status: 
2024-01-17 12:00:13,810 - INFO - Received message on AM107/by-room/#: 
2024-01-17 12:00:48,341 - INFO - Received message on AM107/by-room/#: 
2024-01-17 12:02:15,650 - INFO - Received message on application/1/device/+/event/status: 
2024-01-17 12:02:15,653 - INFO - Received message on AM107/by-room/#: 
2024-01-17 12:03:44,633 - INFO - Received message on AM107/by-room/#: 
2024-01-17 12:03:46,993 - INFO - Received message on application/1/device/+/event/status: 
2024-01-17 12:03:46,996 - INFO - Received message on AM107/by-room/#: 
2024-01-17 12:04:37,782 - INFO - Received message on AM107/by-room/#: 
2024-01-17 12:04:45,636 - INFO - Received message on AM107/by-room/#: 
2024-01-17 12:04:45,859 - INFO - Received message on application/1/device/+/event/status: 
2024-01-17 12:04:45,905 - INFO - Received message on AM107/by-room/#: 
2024-01-17 12:04:48,122 - INFO - Received message on AM107/by-room/#: 
2024-01-17 12:04:53,244 - INFO - Received message on application/1/device/+/event/status: 
2024-01-17 12:04:53,255 - INFO - Received message on AM107/by-room/#: 
2024-01-17 12:05:14,327 - INFO - Received message on AM107/by-room/#: 
2024-01-17 12:05:17,622 - INFO - Received message on AM107/by-room/#: 
2024-01-17 12:05:35,637 - INFO - Received message on AM107/by-room/#: 
2024-01-17 12:05:48,436 - INFO - Received message on AM107/by-room/#: 
2024-01-17 12:05:48,447 - INFO - Received message on application/1/device/+/event/status: 
2024-01-17 12:06:32,981 - INFO - Received message on AM107/by-room/#: 
2024-01-17 12:06:47,081 - INFO - Received message on application/1/device/+/event/status: 
2024-01-17 12:06:47,259 - INFO - Received message on AM107/by-room/#: 
2024-01-17 13:16:45,076 - INFO - Process 1 started
2024-01-17 13:16:45,079 - INFO - Process 2 started
2024-01-17 13:19:06,255 - INFO - Process 1 started
2024-01-17 13:19:06,258 - INFO - Process 2 started
2024-01-17 13:19:17,222 - INFO - Process 1 started
2024-01-17 13:19:17,225 - INFO - Process 2 started
2024-01-17 13:19:27,138 - INFO - Process 1 started
2024-01-17 13:19:27,141 - INFO - Process 2 started
2024-01-17 13:19:30,927 - INFO - Process 1 started
2024-01-17 13:19:30,930 - INFO - Process 2 started
2024-01-17 13:19:42,907 - INFO - Process 1 started
2024-01-17 13:19:42,910 - INFO - Process 2 started
2024-01-17 13:19:45,643 - INFO - Process 1 started
2024-01-17 13:19:45,646 - INFO - Process 2 started
2024-01-17 13:19:47,346 - INFO - Process 1 started
2024-01-17 13:19:47,350 - INFO - Process 2 started
2024-01-17 13:23:44,025 - INFO - Process 1 started
2024-01-17 13:23:44,029 - INFO - Process 2 started
2024-01-17 13:24:40,057 - INFO - Process 1 started
2024-01-17 13:24:40,061 - INFO - Process 2 started
2024-01-17 13:25:36,868 - INFO - Process 1 started
2024-01-17 13:25:36,871 - INFO - Process 2 started
2024-01-17 13:26:44,001 - INFO - Process 1 started
2024-01-17 13:26:44,005 - INFO - Process 2 started
2024-01-17 13:26:56,985 - INFO - Process 1 started
2024-01-17 13:26:56,988 - INFO - Process 2 started
2024-01-17 13:28:24,251 - INFO - Process 1 started
2024-01-17 13:28:24,255 - INFO - Process 2 started
2024-01-17 13:28:48,477 - INFO - Process 1 started
2024-01-17 13:28:48,481 - INFO - Process 2 started
2024-01-17 13:31:15,838 - INFO - Process 1 started
2024-01-17 13:31:15,842 - INFO - Process 2 started
2024-01-17 13:33:33,976 - INFO - Process 1 started
2024-01-17 13:33:33,979 - INFO - Process 2 started
2024-01-17 13:33:35,668 - INFO - Process 1 started
2024-01-17 13:33:35,671 - INFO - Process 2 started
2024-01-17 13:33:42,524 - INFO - Process 1 started
2024-01-17 13:33:42,527 - INFO - Process 2 started
2024-01-17 13:33:52,456 - INFO - Process 1 started
2024-01-17 13:33:52,459 - INFO - Process 2 started
2024-01-17 13:36:10,590 - INFO - Process 1 started
2024-01-17 13:36:10,593 - INFO - Process 2 started
2024-01-17 13:37:02,292 - INFO - Process 1 started
2024-01-17 13:37:02,295 - INFO - Process 2 started
2024-01-17 13:37:44,821 - INFO - Process 1 started
2024-01-17 13:37:44,824 - INFO - Process 2 started
2024-01-17 13:38:26,327 - INFO - Process 1 started
2024-01-17 13:38:26,331 - INFO - Process 2 started
2024-01-17 13:40:47,538 - INFO - Process 1 started
2024-01-17 13:40:47,541 - INFO - Process 2 started
2024-01-17 13:41:07,681 - INFO - Process 1 started
2024-01-17 13:41:07,685 - INFO - Process 2 started
2024-01-17 13:41:12,490 - INFO - Process 1 started
2024-01-17 13:41:12,494 - INFO - Process 2 started
2024-01-17 13:41:21,376 - INFO - Process 1 started
2024-01-17 13:41:21,380 - INFO - Process 2 started
2024-01-17 13:52:53,705 - INFO - Process 1 started
2024-01-17 13:52:53,709 - INFO - Process 2 started
2024-01-17 13:53:03,626 - INFO - Process 1 started
2024-01-17 13:53:03,629 - INFO - Process 2 started
2024-01-17 13:57:26,109 - INFO - Process 1 started
2024-01-17 13:57:26,113 - INFO - Process 2 started
2024-01-17 13:57:28,932 - INFO - Process 1 started
2024-01-17 13:57:28,936 - INFO - Process 2 started
2024-01-17 13:57:30,669 - INFO - Process 1 started
2024-01-17 13:57:30,673 - INFO - Process 2 started
